<?xml version="1.0" encoding="UTF-8"?>
<testsuite xmlns:xsi="http://www.w3.org/2001/XMLSchema-instance" xsi:noNamespaceSchemaLocation="https://maven.apache.org/surefire/maven-surefire-plugin/xsd/surefire-test-report.xsd" name="com.group3.onlineShooping.OnlineShoppingGroup3ApplicationTests" time="20.809" tests="1" errors="0" skipped="0" failures="0">
  <properties>
    <property name="java.specification.version" value="14"/>
    <property name="sun.cpu.isalist" value="amd64"/>
    <property name="sun.jnu.encoding" value="Cp1252"/>
    <property name="java.class.path" value="E:\intellij-workspace\ProjectWAA\WAA_onlineShooping\target\test-classes;E:\intellij-workspace\ProjectWAA\WAA_onlineShooping\target\classes;E:\Maven-Repository\repository\org\springframework\boot\spring-boot-starter-data-jpa\2.2.6.RELEASE\spring-boot-starter-data-jpa-2.2.6.RELEASE.jar;E:\Maven-Repository\repository\org\springframework\boot\spring-boot-starter-aop\2.2.6.RELEASE\spring-boot-starter-aop-2.2.6.RELEASE.jar;E:\Maven-Repository\repository\org\aspectj\aspectjweaver\1.9.5\aspectjweaver-1.9.5.jar;E:\Maven-Repository\repository\org\springframework\boot\spring-boot-starter-jdbc\2.2.6.RELEASE\spring-boot-starter-jdbc-2.2.6.RELEASE.jar;E:\Maven-Repository\repository\com\zaxxer\HikariCP\3.4.2\HikariCP-3.4.2.jar;E:\Maven-Repository\repository\org\springframework\spring-jdbc\5.2.5.RELEASE\spring-jdbc-5.2.5.RELEASE.jar;E:\Maven-Repository\repository\jakarta\activation\jakarta.activation-api\1.2.2\jakarta.activation-api-1.2.2.jar;E:\Maven-Repository\repository\jakarta\persistence\jakarta.persistence-api\2.2.3\jakarta.persistence-api-2.2.3.jar;E:\Maven-Repository\repository\jakarta\transaction\jakarta.transaction-api\1.3.3\jakarta.transaction-api-1.3.3.jar;E:\Maven-Repository\repository\org\hibernate\hibernate-core\5.4.12.Final\hibernate-core-5.4.12.Final.jar;E:\Maven-Repository\repository\org\jboss\logging\jboss-logging\3.4.1.Final\jboss-logging-3.4.1.Final.jar;E:\Maven-Repository\repository\org\javassist\javassist\3.24.0-GA\javassist-3.24.0-GA.jar;E:\Maven-Repository\repository\net\bytebuddy\byte-buddy\1.10.8\byte-buddy-1.10.8.jar;E:\Maven-Repository\repository\antlr\antlr\2.7.7\antlr-2.7.7.jar;E:\Maven-Repository\repository\org\jboss\jandex\2.1.1.Final\jandex-2.1.1.Final.jar;E:\Maven-Repository\repository\com\fasterxml\classmate\1.5.1\classmate-1.5.1.jar;E:\Maven-Repository\repository\org\dom4j\dom4j\2.1.1\dom4j-2.1.1.jar;E:\Maven-Repository\repository\org\hibernate\common\hibernate-commons-annotations\5.1.0.Final\hibernate-commons-annotations-5.1.0.Final.jar;E:\Maven-Repository\repository\org\glassfish\jaxb\jaxb-runtime\2.3.2\jaxb-runtime-2.3.2.jar;E:\Maven-Repository\repository\org\glassfish\jaxb\txw2\2.3.2\txw2-2.3.2.jar;E:\Maven-Repository\repository\com\sun\istack\istack-commons-runtime\3.0.8\istack-commons-runtime-3.0.8.jar;E:\Maven-Repository\repository\org\jvnet\staxex\stax-ex\1.8.1\stax-ex-1.8.1.jar;E:\Maven-Repository\repository\com\sun\xml\fastinfoset\FastInfoset\1.2.16\FastInfoset-1.2.16.jar;E:\Maven-Repository\repository\org\springframework\data\spring-data-jpa\2.2.6.RELEASE\spring-data-jpa-2.2.6.RELEASE.jar;E:\Maven-Repository\repository\org\springframework\data\spring-data-commons\2.2.6.RELEASE\spring-data-commons-2.2.6.RELEASE.jar;E:\Maven-Repository\repository\org\springframework\spring-orm\5.2.5.RELEASE\spring-orm-5.2.5.RELEASE.jar;E:\Maven-Repository\repository\org\springframework\spring-context\5.2.5.RELEASE\spring-context-5.2.5.RELEASE.jar;E:\Maven-Repository\repository\org\springframework\spring-tx\5.2.5.RELEASE\spring-tx-5.2.5.RELEASE.jar;E:\Maven-Repository\repository\org\springframework\spring-beans\5.2.5.RELEASE\spring-beans-5.2.5.RELEASE.jar;E:\Maven-Repository\repository\org\springframework\spring-aspects\5.2.5.RELEASE\spring-aspects-5.2.5.RELEASE.jar;E:\Maven-Repository\repository\org\springframework\boot\spring-boot-starter-thymeleaf\2.2.6.RELEASE\spring-boot-starter-thymeleaf-2.2.6.RELEASE.jar;E:\Maven-Repository\repository\org\springframework\boot\spring-boot-starter\2.2.6.RELEASE\spring-boot-starter-2.2.6.RELEASE.jar;E:\Maven-Repository\repository\org\springframework\boot\spring-boot-starter-logging\2.2.6.RELEASE\spring-boot-starter-logging-2.2.6.RELEASE.jar;E:\Maven-Repository\repository\ch\qos\logback\logback-classic\1.2.3\logback-classic-1.2.3.jar;E:\Maven-Repository\repository\ch\qos\logback\logback-core\1.2.3\logback-core-1.2.3.jar;E:\Maven-Repository\repository\org\apache\logging\log4j\log4j-to-slf4j\2.12.1\log4j-to-slf4j-2.12.1.jar;E:\Maven-Repository\repository\org\apache\logging\log4j\log4j-api\2.12.1\log4j-api-2.12.1.jar;E:\Maven-Repository\repository\org\slf4j\jul-to-slf4j\1.7.30\jul-to-slf4j-1.7.30.jar;E:\Maven-Repository\repository\jakarta\annotation\jakarta.annotation-api\1.3.5\jakarta.annotation-api-1.3.5.jar;E:\Maven-Repository\repository\org\yaml\snakeyaml\1.25\snakeyaml-1.25.jar;E:\Maven-Repository\repository\org\thymeleaf\thymeleaf-spring5\3.0.11.RELEASE\thymeleaf-spring5-3.0.11.RELEASE.jar;E:\Maven-Repository\repository\org\thymeleaf\extras\thymeleaf-extras-java8time\3.0.4.RELEASE\thymeleaf-extras-java8time-3.0.4.RELEASE.jar;E:\Maven-Repository\repository\nz\net\ultraq\thymeleaf\thymeleaf-layout-dialect\2.4.1\thymeleaf-layout-dialect-2.4.1.jar;E:\Maven-Repository\repository\nz\net\ultraq\thymeleaf\thymeleaf-expression-processor\1.1.3\thymeleaf-expression-processor-1.1.3.jar;E:\Maven-Repository\repository\org\codehaus\groovy\groovy\2.5.10\groovy-2.5.10.jar;E:\Maven-Repository\repository\org\thymeleaf\thymeleaf\3.0.11.RELEASE\thymeleaf-3.0.11.RELEASE.jar;E:\Maven-Repository\repository\ognl\ognl\3.1.12\ognl-3.1.12.jar;E:\Maven-Repository\repository\org\attoparser\attoparser\2.0.5.RELEASE\attoparser-2.0.5.RELEASE.jar;E:\Maven-Repository\repository\org\unbescape\unbescape\1.1.6.RELEASE\unbescape-1.1.6.RELEASE.jar;E:\Maven-Repository\repository\com\itextpdf\itextpdf\5.5.13\itextpdf-5.5.13.jar;E:\Maven-Repository\repository\org\springframework\boot\spring-boot-starter-web\2.2.6.RELEASE\spring-boot-starter-web-2.2.6.RELEASE.jar;E:\Maven-Repository\repository\org\springframework\boot\spring-boot-starter-json\2.2.6.RELEASE\spring-boot-starter-json-2.2.6.RELEASE.jar;E:\Maven-Repository\repository\com\fasterxml\jackson\core\jackson-databind\2.10.3\jackson-databind-2.10.3.jar;E:\Maven-Repository\repository\com\fasterxml\jackson\core\jackson-annotations\2.10.3\jackson-annotations-2.10.3.jar;E:\Maven-Repository\repository\com\fasterxml\jackson\core\jackson-core\2.10.3\jackson-core-2.10.3.jar;E:\Maven-Repository\repository\com\fasterxml\jackson\datatype\jackson-datatype-jdk8\2.10.3\jackson-datatype-jdk8-2.10.3.jar;E:\Maven-Repository\repository\com\fasterxml\jackson\datatype\jackson-datatype-jsr310\2.10.3\jackson-datatype-jsr310-2.10.3.jar;E:\Maven-Repository\repository\com\fasterxml\jackson\module\jackson-module-parameter-names\2.10.3\jackson-module-parameter-names-2.10.3.jar;E:\Maven-Repository\repository\org\springframework\boot\spring-boot-starter-tomcat\2.2.6.RELEASE\spring-boot-starter-tomcat-2.2.6.RELEASE.jar;E:\Maven-Repository\repository\org\apache\tomcat\embed\tomcat-embed-core\9.0.33\tomcat-embed-core-9.0.33.jar;E:\Maven-Repository\repository\org\apache\tomcat\embed\tomcat-embed-el\9.0.33\tomcat-embed-el-9.0.33.jar;E:\Maven-Repository\repository\org\apache\tomcat\embed\tomcat-embed-websocket\9.0.33\tomcat-embed-websocket-9.0.33.jar;E:\Maven-Repository\repository\org\springframework\boot\spring-boot-starter-validation\2.2.6.RELEASE\spring-boot-starter-validation-2.2.6.RELEASE.jar;E:\Maven-Repository\repository\jakarta\validation\jakarta.validation-api\2.0.2\jakarta.validation-api-2.0.2.jar;E:\Maven-Repository\repository\org\hibernate\validator\hibernate-validator\6.0.18.Final\hibernate-validator-6.0.18.Final.jar;E:\Maven-Repository\repository\org\springframework\spring-web\5.2.5.RELEASE\spring-web-5.2.5.RELEASE.jar;E:\Maven-Repository\repository\org\springframework\spring-webmvc\5.2.5.RELEASE\spring-webmvc-5.2.5.RELEASE.jar;E:\Maven-Repository\repository\org\springframework\spring-expression\5.2.5.RELEASE\spring-expression-5.2.5.RELEASE.jar;E:\Maven-Repository\repository\org\projectlombok\lombok\1.18.12\lombok-1.18.12.jar;E:\Maven-Repository\repository\org\springframework\boot\spring-boot-starter-security\2.2.6.RELEASE\spring-boot-starter-security-2.2.6.RELEASE.jar;E:\Maven-Repository\repository\org\springframework\spring-aop\5.2.5.RELEASE\spring-aop-5.2.5.RELEASE.jar;E:\Maven-Repository\repository\org\springframework\security\spring-security-config\5.2.2.RELEASE\spring-security-config-5.2.2.RELEASE.jar;E:\Maven-Repository\repository\org\springframework\security\spring-security-core\5.2.2.RELEASE\spring-security-core-5.2.2.RELEASE.jar;E:\Maven-Repository\repository\org\springframework\security\spring-security-web\5.2.2.RELEASE\spring-security-web-5.2.2.RELEASE.jar;E:\Maven-Repository\repository\org\thymeleaf\extras\thymeleaf-extras-springsecurity5\3.0.4.RELEASE\thymeleaf-extras-springsecurity5-3.0.4.RELEASE.jar;E:\Maven-Repository\repository\org\slf4j\slf4j-api\1.7.30\slf4j-api-1.7.30.jar;E:\Maven-Repository\repository\org\springframework\boot\spring-boot-devtools\2.2.6.RELEASE\spring-boot-devtools-2.2.6.RELEASE.jar;E:\Maven-Repository\repository\org\springframework\boot\spring-boot\2.2.6.RELEASE\spring-boot-2.2.6.RELEASE.jar;E:\Maven-Repository\repository\org\springframework\boot\spring-boot-autoconfigure\2.2.6.RELEASE\spring-boot-autoconfigure-2.2.6.RELEASE.jar;E:\Maven-Repository\repository\com\h2database\h2\1.4.200\h2-1.4.200.jar;E:\Maven-Repository\repository\org\springframework\boot\spring-boot-starter-test\2.2.6.RELEASE\spring-boot-starter-test-2.2.6.RELEASE.jar;E:\Maven-Repository\repository\org\springframework\boot\spring-boot-test\2.2.6.RELEASE\spring-boot-test-2.2.6.RELEASE.jar;E:\Maven-Repository\repository\org\springframework\boot\spring-boot-test-autoconfigure\2.2.6.RELEASE\spring-boot-test-autoconfigure-2.2.6.RELEASE.jar;E:\Maven-Repository\repository\com\jayway\jsonpath\json-path\2.4.0\json-path-2.4.0.jar;E:\Maven-Repository\repository\net\minidev\json-smart\2.3\json-smart-2.3.jar;E:\Maven-Repository\repository\net\minidev\accessors-smart\1.2\accessors-smart-1.2.jar;E:\Maven-Repository\repository\org\ow2\asm\asm\5.0.4\asm-5.0.4.jar;E:\Maven-Repository\repository\jakarta\xml\bind\jakarta.xml.bind-api\2.3.3\jakarta.xml.bind-api-2.3.3.jar;E:\Maven-Repository\repository\org\junit\jupiter\junit-jupiter\5.5.2\junit-jupiter-5.5.2.jar;E:\Maven-Repository\repository\org\junit\jupiter\junit-jupiter-api\5.5.2\junit-jupiter-api-5.5.2.jar;E:\Maven-Repository\repository\org\apiguardian\apiguardian-api\1.1.0\apiguardian-api-1.1.0.jar;E:\Maven-Repository\repository\org\opentest4j\opentest4j\1.2.0\opentest4j-1.2.0.jar;E:\Maven-Repository\repository\org\junit\platform\junit-platform-commons\1.5.2\junit-platform-commons-1.5.2.jar;E:\Maven-Repository\repository\org\junit\jupiter\junit-jupiter-params\5.5.2\junit-jupiter-params-5.5.2.jar;E:\Maven-Repository\repository\org\junit\jupiter\junit-jupiter-engine\5.5.2\junit-jupiter-engine-5.5.2.jar;E:\Maven-Repository\repository\org\junit\platform\junit-platform-engine\1.5.2\junit-platform-engine-1.5.2.jar;E:\Maven-Repository\repository\org\mockito\mockito-junit-jupiter\3.1.0\mockito-junit-jupiter-3.1.0.jar;E:\Maven-Repository\repository\org\assertj\assertj-core\3.13.2\assertj-core-3.13.2.jar;E:\Maven-Repository\repository\org\hamcrest\hamcrest\2.1\hamcrest-2.1.jar;E:\Maven-Repository\repository\org\mockito\mockito-core\3.1.0\mockito-core-3.1.0.jar;E:\Maven-Repository\repository\net\bytebuddy\byte-buddy-agent\1.10.8\byte-buddy-agent-1.10.8.jar;E:\Maven-Repository\repository\org\objenesis\objenesis\2.6\objenesis-2.6.jar;E:\Maven-Repository\repository\org\skyscreamer\jsonassert\1.5.0\jsonassert-1.5.0.jar;E:\Maven-Repository\repository\com\vaadin\external\google\android-json\0.0.20131108.vaadin1\android-json-0.0.20131108.vaadin1.jar;E:\Maven-Repository\repository\org\springframework\spring-core\5.2.5.RELEASE\spring-core-5.2.5.RELEASE.jar;E:\Maven-Repository\repository\org\springframework\spring-jcl\5.2.5.RELEASE\spring-jcl-5.2.5.RELEASE.jar;E:\Maven-Repository\repository\org\springframework\spring-test\5.2.5.RELEASE\spring-test-5.2.5.RELEASE.jar;E:\Maven-Repository\repository\org\xmlunit\xmlunit-core\2.6.4\xmlunit-core-2.6.4.jar;"/>
    <property name="java.vm.vendor" value="Oracle Corporation"/>
    <property name="sun.arch.data.model" value="64"/>
    <property name="user.variant" value=""/>
    <property name="java.vendor.url" value="https://java.oracle.com/"/>
    <property name="user.timezone" value="America/Chicago"/>
    <property name="os.name" value="Windows 10"/>
    <property name="java.vm.specification.version" value="14"/>
    <property name="sun.java.launcher" value="SUN_STANDARD"/>
    <property name="user.country" value="US"/>
    <property name="sun.boot.library.path" value="C:\Program Files\Java\jdk-14.0.1\bin"/>
    <property name="sun.java.command" value="C:\Users\lenovo\AppData\Local\Temp\surefire8785983392395168148\surefirebooter8363519139299818596.jar C:\Users\lenovo\AppData\Local\Temp\surefire8785983392395168148 2020-05-15T16-54-20_815-jvmRun1 surefire15292705660256296611tmp surefire_02635037334073433045tmp"/>
    <property name="jdk.debug" value="release"/>
    <property name="surefire.test.class.path" value="E:\intellij-workspace\ProjectWAA\WAA_onlineShooping\target\test-classes;E:\intellij-workspace\ProjectWAA\WAA_onlineShooping\target\classes;E:\Maven-Repository\repository\org\springframework\boot\spring-boot-starter-data-jpa\2.2.6.RELEASE\spring-boot-starter-data-jpa-2.2.6.RELEASE.jar;E:\Maven-Repository\repository\org\springframework\boot\spring-boot-starter-aop\2.2.6.RELEASE\spring-boot-starter-aop-2.2.6.RELEASE.jar;E:\Maven-Repository\repository\org\aspectj\aspectjweaver\1.9.5\aspectjweaver-1.9.5.jar;E:\Maven-Repository\repository\org\springframework\boot\spring-boot-starter-jdbc\2.2.6.RELEASE\spring-boot-starter-jdbc-2.2.6.RELEASE.jar;E:\Maven-Repository\repository\com\zaxxer\HikariCP\3.4.2\HikariCP-3.4.2.jar;E:\Maven-Repository\repository\org\springframework\spring-jdbc\5.2.5.RELEASE\spring-jdbc-5.2.5.RELEASE.jar;E:\Maven-Repository\repository\jakarta\activation\jakarta.activation-api\1.2.2\jakarta.activation-api-1.2.2.jar;E:\Maven-Repository\repository\jakarta\persistence\jakarta.persistence-api\2.2.3\jakarta.persistence-api-2.2.3.jar;E:\Maven-Repository\repository\jakarta\transaction\jakarta.transaction-api\1.3.3\jakarta.transaction-api-1.3.3.jar;E:\Maven-Repository\repository\org\hibernate\hibernate-core\5.4.12.Final\hibernate-core-5.4.12.Final.jar;E:\Maven-Repository\repository\org\jboss\logging\jboss-logging\3.4.1.Final\jboss-logging-3.4.1.Final.jar;E:\Maven-Repository\repository\org\javassist\javassist\3.24.0-GA\javassist-3.24.0-GA.jar;E:\Maven-Repository\repository\net\bytebuddy\byte-buddy\1.10.8\byte-buddy-1.10.8.jar;E:\Maven-Repository\repository\antlr\antlr\2.7.7\antlr-2.7.7.jar;E:\Maven-Repository\repository\org\jboss\jandex\2.1.1.Final\jandex-2.1.1.Final.jar;E:\Maven-Repository\repository\com\fasterxml\classmate\1.5.1\classmate-1.5.1.jar;E:\Maven-Repository\repository\org\dom4j\dom4j\2.1.1\dom4j-2.1.1.jar;E:\Maven-Repository\repository\org\hibernate\common\hibernate-commons-annotations\5.1.0.Final\hibernate-commons-annotations-5.1.0.Final.jar;E:\Maven-Repository\repository\org\glassfish\jaxb\jaxb-runtime\2.3.2\jaxb-runtime-2.3.2.jar;E:\Maven-Repository\repository\org\glassfish\jaxb\txw2\2.3.2\txw2-2.3.2.jar;E:\Maven-Repository\repository\com\sun\istack\istack-commons-runtime\3.0.8\istack-commons-runtime-3.0.8.jar;E:\Maven-Repository\repository\org\jvnet\staxex\stax-ex\1.8.1\stax-ex-1.8.1.jar;E:\Maven-Repository\repository\com\sun\xml\fastinfoset\FastInfoset\1.2.16\FastInfoset-1.2.16.jar;E:\Maven-Repository\repository\org\springframework\data\spring-data-jpa\2.2.6.RELEASE\spring-data-jpa-2.2.6.RELEASE.jar;E:\Maven-Repository\repository\org\springframework\data\spring-data-commons\2.2.6.RELEASE\spring-data-commons-2.2.6.RELEASE.jar;E:\Maven-Repository\repository\org\springframework\spring-orm\5.2.5.RELEASE\spring-orm-5.2.5.RELEASE.jar;E:\Maven-Repository\repository\org\springframework\spring-context\5.2.5.RELEASE\spring-context-5.2.5.RELEASE.jar;E:\Maven-Repository\repository\org\springframework\spring-tx\5.2.5.RELEASE\spring-tx-5.2.5.RELEASE.jar;E:\Maven-Repository\repository\org\springframework\spring-beans\5.2.5.RELEASE\spring-beans-5.2.5.RELEASE.jar;E:\Maven-Repository\repository\org\springframework\spring-aspects\5.2.5.RELEASE\spring-aspects-5.2.5.RELEASE.jar;E:\Maven-Repository\repository\org\springframework\boot\spring-boot-starter-thymeleaf\2.2.6.RELEASE\spring-boot-starter-thymeleaf-2.2.6.RELEASE.jar;E:\Maven-Repository\repository\org\springframework\boot\spring-boot-starter\2.2.6.RELEASE\spring-boot-starter-2.2.6.RELEASE.jar;E:\Maven-Repository\repository\org\springframework\boot\spring-boot-starter-logging\2.2.6.RELEASE\spring-boot-starter-logging-2.2.6.RELEASE.jar;E:\Maven-Repository\repository\ch\qos\logback\logback-classic\1.2.3\logback-classic-1.2.3.jar;E:\Maven-Repository\repository\ch\qos\logback\logback-core\1.2.3\logback-core-1.2.3.jar;E:\Maven-Repository\repository\org\apache\logging\log4j\log4j-to-slf4j\2.12.1\log4j-to-slf4j-2.12.1.jar;E:\Maven-Repository\repository\org\apache\logging\log4j\log4j-api\2.12.1\log4j-api-2.12.1.jar;E:\Maven-Repository\repository\org\slf4j\jul-to-slf4j\1.7.30\jul-to-slf4j-1.7.30.jar;E:\Maven-Repository\repository\jakarta\annotation\jakarta.annotation-api\1.3.5\jakarta.annotation-api-1.3.5.jar;E:\Maven-Repository\repository\org\yaml\snakeyaml\1.25\snakeyaml-1.25.jar;E:\Maven-Repository\repository\org\thymeleaf\thymeleaf-spring5\3.0.11.RELEASE\thymeleaf-spring5-3.0.11.RELEASE.jar;E:\Maven-Repository\repository\org\thymeleaf\extras\thymeleaf-extras-java8time\3.0.4.RELEASE\thymeleaf-extras-java8time-3.0.4.RELEASE.jar;E:\Maven-Repository\repository\nz\net\ultraq\thymeleaf\thymeleaf-layout-dialect\2.4.1\thymeleaf-layout-dialect-2.4.1.jar;E:\Maven-Repository\repository\nz\net\ultraq\thymeleaf\thymeleaf-expression-processor\1.1.3\thymeleaf-expression-processor-1.1.3.jar;E:\Maven-Repository\repository\org\codehaus\groovy\groovy\2.5.10\groovy-2.5.10.jar;E:\Maven-Repository\repository\org\thymeleaf\thymeleaf\3.0.11.RELEASE\thymeleaf-3.0.11.RELEASE.jar;E:\Maven-Repository\repository\ognl\ognl\3.1.12\ognl-3.1.12.jar;E:\Maven-Repository\repository\org\attoparser\attoparser\2.0.5.RELEASE\attoparser-2.0.5.RELEASE.jar;E:\Maven-Repository\repository\org\unbescape\unbescape\1.1.6.RELEASE\unbescape-1.1.6.RELEASE.jar;E:\Maven-Repository\repository\com\itextpdf\itextpdf\5.5.13\itextpdf-5.5.13.jar;E:\Maven-Repository\repository\org\springframework\boot\spring-boot-starter-web\2.2.6.RELEASE\spring-boot-starter-web-2.2.6.RELEASE.jar;E:\Maven-Repository\repository\org\springframework\boot\spring-boot-starter-json\2.2.6.RELEASE\spring-boot-starter-json-2.2.6.RELEASE.jar;E:\Maven-Repository\repository\com\fasterxml\jackson\core\jackson-databind\2.10.3\jackson-databind-2.10.3.jar;E:\Maven-Repository\repository\com\fasterxml\jackson\core\jackson-annotations\2.10.3\jackson-annotations-2.10.3.jar;E:\Maven-Repository\repository\com\fasterxml\jackson\core\jackson-core\2.10.3\jackson-core-2.10.3.jar;E:\Maven-Repository\repository\com\fasterxml\jackson\datatype\jackson-datatype-jdk8\2.10.3\jackson-datatype-jdk8-2.10.3.jar;E:\Maven-Repository\repository\com\fasterxml\jackson\datatype\jackson-datatype-jsr310\2.10.3\jackson-datatype-jsr310-2.10.3.jar;E:\Maven-Repository\repository\com\fasterxml\jackson\module\jackson-module-parameter-names\2.10.3\jackson-module-parameter-names-2.10.3.jar;E:\Maven-Repository\repository\org\springframework\boot\spring-boot-starter-tomcat\2.2.6.RELEASE\spring-boot-starter-tomcat-2.2.6.RELEASE.jar;E:\Maven-Repository\repository\org\apache\tomcat\embed\tomcat-embed-core\9.0.33\tomcat-embed-core-9.0.33.jar;E:\Maven-Repository\repository\org\apache\tomcat\embed\tomcat-embed-el\9.0.33\tomcat-embed-el-9.0.33.jar;E:\Maven-Repository\repository\org\apache\tomcat\embed\tomcat-embed-websocket\9.0.33\tomcat-embed-websocket-9.0.33.jar;E:\Maven-Repository\repository\org\springframework\boot\spring-boot-starter-validation\2.2.6.RELEASE\spring-boot-starter-validation-2.2.6.RELEASE.jar;E:\Maven-Repository\repository\jakarta\validation\jakarta.validation-api\2.0.2\jakarta.validation-api-2.0.2.jar;E:\Maven-Repository\repository\org\hibernate\validator\hibernate-validator\6.0.18.Final\hibernate-validator-6.0.18.Final.jar;E:\Maven-Repository\repository\org\springframework\spring-web\5.2.5.RELEASE\spring-web-5.2.5.RELEASE.jar;E:\Maven-Repository\repository\org\springframework\spring-webmvc\5.2.5.RELEASE\spring-webmvc-5.2.5.RELEASE.jar;E:\Maven-Repository\repository\org\springframework\spring-expression\5.2.5.RELEASE\spring-expression-5.2.5.RELEASE.jar;E:\Maven-Repository\repository\org\projectlombok\lombok\1.18.12\lombok-1.18.12.jar;E:\Maven-Repository\repository\org\springframework\boot\spring-boot-starter-security\2.2.6.RELEASE\spring-boot-starter-security-2.2.6.RELEASE.jar;E:\Maven-Repository\repository\org\springframework\spring-aop\5.2.5.RELEASE\spring-aop-5.2.5.RELEASE.jar;E:\Maven-Repository\repository\org\springframework\security\spring-security-config\5.2.2.RELEASE\spring-security-config-5.2.2.RELEASE.jar;E:\Maven-Repository\repository\org\springframework\security\spring-security-core\5.2.2.RELEASE\spring-security-core-5.2.2.RELEASE.jar;E:\Maven-Repository\repository\org\springframework\security\spring-security-web\5.2.2.RELEASE\spring-security-web-5.2.2.RELEASE.jar;E:\Maven-Repository\repository\org\thymeleaf\extras\thymeleaf-extras-springsecurity5\3.0.4.RELEASE\thymeleaf-extras-springsecurity5-3.0.4.RELEASE.jar;E:\Maven-Repository\repository\org\slf4j\slf4j-api\1.7.30\slf4j-api-1.7.30.jar;E:\Maven-Repository\repository\org\springframework\boot\spring-boot-devtools\2.2.6.RELEASE\spring-boot-devtools-2.2.6.RELEASE.jar;E:\Maven-Repository\repository\org\springframework\boot\spring-boot\2.2.6.RELEASE\spring-boot-2.2.6.RELEASE.jar;E:\Maven-Repository\repository\org\springframework\boot\spring-boot-autoconfigure\2.2.6.RELEASE\spring-boot-autoconfigure-2.2.6.RELEASE.jar;E:\Maven-Repository\repository\com\h2database\h2\1.4.200\h2-1.4.200.jar;E:\Maven-Repository\repository\org\springframework\boot\spring-boot-starter-test\2.2.6.RELEASE\spring-boot-starter-test-2.2.6.RELEASE.jar;E:\Maven-Repository\repository\org\springframework\boot\spring-boot-test\2.2.6.RELEASE\spring-boot-test-2.2.6.RELEASE.jar;E:\Maven-Repository\repository\org\springframework\boot\spring-boot-test-autoconfigure\2.2.6.RELEASE\spring-boot-test-autoconfigure-2.2.6.RELEASE.jar;E:\Maven-Repository\repository\com\jayway\jsonpath\json-path\2.4.0\json-path-2.4.0.jar;E:\Maven-Repository\repository\net\minidev\json-smart\2.3\json-smart-2.3.jar;E:\Maven-Repository\repository\net\minidev\accessors-smart\1.2\accessors-smart-1.2.jar;E:\Maven-Repository\repository\org\ow2\asm\asm\5.0.4\asm-5.0.4.jar;E:\Maven-Repository\repository\jakarta\xml\bind\jakarta.xml.bind-api\2.3.3\jakarta.xml.bind-api-2.3.3.jar;E:\Maven-Repository\repository\org\junit\jupiter\junit-jupiter\5.5.2\junit-jupiter-5.5.2.jar;E:\Maven-Repository\repository\org\junit\jupiter\junit-jupiter-api\5.5.2\junit-jupiter-api-5.5.2.jar;E:\Maven-Repository\repository\org\apiguardian\apiguardian-api\1.1.0\apiguardian-api-1.1.0.jar;E:\Maven-Repository\repository\org\opentest4j\opentest4j\1.2.0\opentest4j-1.2.0.jar;E:\Maven-Repository\repository\org\junit\platform\junit-platform-commons\1.5.2\junit-platform-commons-1.5.2.jar;E:\Maven-Repository\repository\org\junit\jupiter\junit-jupiter-params\5.5.2\junit-jupiter-params-5.5.2.jar;E:\Maven-Repository\repository\org\junit\jupiter\junit-jupiter-engine\5.5.2\junit-jupiter-engine-5.5.2.jar;E:\Maven-Repository\repository\org\junit\platform\junit-platform-engine\1.5.2\junit-platform-engine-1.5.2.jar;E:\Maven-Repository\repository\org\mockito\mockito-junit-jupiter\3.1.0\mockito-junit-jupiter-3.1.0.jar;E:\Maven-Repository\repository\org\assertj\assertj-core\3.13.2\assertj-core-3.13.2.jar;E:\Maven-Repository\repository\org\hamcrest\hamcrest\2.1\hamcrest-2.1.jar;E:\Maven-Repository\repository\org\mockito\mockito-core\3.1.0\mockito-core-3.1.0.jar;E:\Maven-Repository\repository\net\bytebuddy\byte-buddy-agent\1.10.8\byte-buddy-agent-1.10.8.jar;E:\Maven-Repository\repository\org\objenesis\objenesis\2.6\objenesis-2.6.jar;E:\Maven-Repository\repository\org\skyscreamer\jsonassert\1.5.0\jsonassert-1.5.0.jar;E:\Maven-Repository\repository\com\vaadin\external\google\android-json\0.0.20131108.vaadin1\android-json-0.0.20131108.vaadin1.jar;E:\Maven-Repository\repository\org\springframework\spring-core\5.2.5.RELEASE\spring-core-5.2.5.RELEASE.jar;E:\Maven-Repository\repository\org\springframework\spring-jcl\5.2.5.RELEASE\spring-jcl-5.2.5.RELEASE.jar;E:\Maven-Repository\repository\org\springframework\spring-test\5.2.5.RELEASE\spring-test-5.2.5.RELEASE.jar;E:\Maven-Repository\repository\org\xmlunit\xmlunit-core\2.6.4\xmlunit-core-2.6.4.jar;"/>
    <property name="sun.cpu.endian" value="little"/>
    <property name="user.home" value="C:\Users\lenovo"/>
    <property name="user.language" value="en"/>
    <property name="java.specification.vendor" value="Oracle Corporation"/>
    <property name="java.version.date" value="2020-04-14"/>
    <property name="java.home" value="C:\Program Files\Java\jdk-14.0.1"/>
    <property name="file.separator" value="\"/>
    <property name="basedir" value="E:\intellij-workspace\ProjectWAA\WAA_onlineShooping"/>
    <property name="java.vm.compressedOopsMode" value="32-bit"/>
    <property name="line.separator" value="&#10;"/>
    <property name="java.vm.specification.vendor" value="Oracle Corporation"/>
    <property name="java.specification.name" value="Java Platform API Specification"/>
    <property name="surefire.real.class.path" value="C:\Users\lenovo\AppData\Local\Temp\surefire8785983392395168148\surefirebooter8363519139299818596.jar"/>
    <property name="user.script" value=""/>
    <property name="sun.management.compiler" value="HotSpot 64-Bit Tiered Compilers"/>
    <property name="java.runtime.version" value="14.0.1+7"/>
    <property name="user.name" value="lenovo"/>
    <property name="path.separator" value=";"/>
    <property name="os.version" value="10.0"/>
    <property name="java.runtime.name" value="Java(TM) SE Runtime Environment"/>
    <property name="file.encoding" value="Cp1252"/>
    <property name="java.vm.name" value="Java HotSpot(TM) 64-Bit Server VM"/>
    <property name="localRepository" value="E:\Maven-Repository\repository"/>
    <property name="java.vendor.url.bug" value="https://bugreport.java.com/bugreport/"/>
    <property name="java.io.tmpdir" value="C:\Users\lenovo\AppData\Local\Temp\"/>
    <property name="java.version" value="14.0.1"/>
    <property name="user.dir" value="E:\intellij-workspace\ProjectWAA\WAA_onlineShooping"/>
    <property name="os.arch" value="amd64"/>
    <property name="java.vm.specification.name" value="Java Virtual Machine Specification"/>
    <property name="sun.os.patch.level" value=""/>
    <property name="java.library.path" value="C:\Program Files\Java\jdk-14.0.1\bin;C:\WINDOWS\Sun\Java\bin;C:\WINDOWS\system32;C:\WINDOWS;E:\app\benq\product\12.1.0\dbhome_1\bin;D:\app\lenovo\OraHome_1\bin;D:\app\xcode\product\12.1.0\dbhome_1\bin;D:\app\ghebrehiywet\product\12.1.0\dbhome_1\bin;D:\app\lenovo\virtual\product\12.2.0\dbhome_1\bin;D:\app\ghebrehiywet\product\12.2.0\dbhome_1\bin;C:\WINDOWS\system32;C:\WINDOWS;C:\WINDOWS\System32\Wbem;C:\WINDOWS\System32\WindowsPowerShell\v1.0\;C:\Program Files\Microsoft SQL Server\130\Tools\Binn\;C:\Program Files\dotnet\;C:\Program Files (x86)\Microsoft SQL Server\100\Tools\Binn\VSShell\Common7\IDE\;C:\Program Files (x86)\Microsoft SQL Server\100\Tools\Binn\;C:\Program Files\Microsoft SQL Server\100\Tools\Binn\;C:\Program Files (x86)\Microsoft SQL Server\100\DTS\Binn\;C:\WINDOWS\System32\OpenSSH\;C:\Program Files\Microsoft SQL Server\Client SDK\ODBC\110\Tools\Binn\;C:\Program Files (x86)\Microsoft SQL Server\120\Tools\Binn\;C:\Program Files\Microsoft SQL Server\120\Tools\Binn\;C:\Program Files\Microsoft SQL Server\120\DTS\Binn\;C:\Program Files (x86)\Microsoft SQL Server\120\Tools\Binn\ManagementStudio\;C:\Program Files (x86)\Microsoft SQL Server\120\DTS\Binn\;C:\Program Files\Git\cmd;C:\Program Files\Microsoft SQL Server\Client SDK\ODBC\170\Tools\Binn\;C:\Program Files\Microsoft\Web Platform Installer\;C:\Program Files\nodejs\;C:\Program Files\Microsoft VS Code\bin;C:\Program Files\Java\jdk-14.0.1\bin;D:\Personal\Resources\MIU\Mine\WAA\LIBs\apache-maven-3.6.3\bin;C:\Users\lenovo\.cargo\bin;C:\Users\lenovo\AppData\Local\Programs\Python\Python37\Scripts\;C:\Users\lenovo\AppData\Local\Programs\Python\Python37\;C:\Users\lenovo\AppData\Local\Microsoft\WindowsApps;C:\Users\lenovo\.dotnet\tools;C:\Users\lenovo\AppData\Local\Microsoft\WindowsApps;C:\Users\lenovo\AppData\Roaming\npm;C:\Program Files\JetBrains\IntelliJ IDEA 2020.1\bin;;."/>
    <property name="java.vm.info" value="mixed mode, sharing"/>
    <property name="java.vendor" value="Oracle Corporation"/>
    <property name="java.vm.version" value="14.0.1+7"/>
    <property name="sun.io.unicode.encoding" value="UnicodeLittle"/>
    <property name="java.class.version" value="58.0"/>
  </properties>
  <testcase name="contextLoads" classname="com.group3.onlineShooping.OnlineShoppingGroup3ApplicationTests" time="0.013"/>
</testsuite>